(import_4ffcd2a4f3180) ++++++++++++++++++++++++++++++++++++++++++++++++++++++++++++++++++++++++++++++++++++++++++++++++++++
(import_4ffcd2a4f3180) Start Date/Time: 2012-07-11 05:11:01
(import_4ffcd2a4f3180) No data in import temporary table - LINE: 174
(import_4ffcd2a4f3180) Changing status - running - LINE: 186
(import_4ffcd2a4f3180) Changing status - finished - LINE: 1134
(import_4ffcd2a4f3180) Leaving preview file - LINE: 1142
(import_4ffcd2a4f3180) End Date/Time: 2012-07-11 05:11:23
(import_4ffcd2a4f3180) ++++++++++++++++++++++++++++++++++++++++++++++++++++++++++++++++++++++++++++++++++++++++++++++++++++
(import_500960ddb4304) ++++++++++++++++++++++++++++++++++++++++++++++++++++++++++++++++++++++++++++++++++++++++++++++++++++
(import_500960ddb4304) Start Date/Time: 2012-07-20 08:45:01
(import_500960ddb4304) No data in import temporary table - LINE: 174
(import_500960ddb4304) Changing status - running - LINE: 186
(import_500960ddb4304) Changing status - finished - LINE: 1134
(import_500960ddb4304) Leaving preview file - LINE: 1142
(import_500960ddb4304) End Date/Time: 2012-07-20 08:52:01
(import_500960ddb4304) ++++++++++++++++++++++++++++++++++++++++++++++++++++++++++++++++++++++++++++++++++++++++++++++++++++
(import_50096462d8585) ++++++++++++++++++++++++++++++++++++++++++++++++++++++++++++++++++++++++++++++++++++++++++++++++++++
(import_50096462d8585) Start Date/Time: 2012-07-20 09:00:02
(import_50096462d8585) No data in import temporary table - LINE: 174
(import_50096462d8585) Changing status - running - LINE: 186
(import_50096462d8585) Changing status - finished - LINE: 1134
(import_50096462d8585) Leaving preview file - LINE: 1142
(import_50096462d8585) End Date/Time: 2012-07-20 09:00:52
(import_50096462d8585) ++++++++++++++++++++++++++++++++++++++++++++++++++++++++++++++++++++++++++++++++++++++++++++++++++++
(import_50096a3e290bc) ++++++++++++++++++++++++++++++++++++++++++++++++++++++++++++++++++++++++++++++++++++++++++++++++++++
(import_50096a3e290bc) Start Date/Time: 2012-07-20 09:25:02
(import_50096a3e290bc) No data in import temporary table - LINE: 174
(import_50096a3e290bc) Changing status - running - LINE: 186
(import_50096a3e290bc) Changing status - finished - LINE: 1134
(import_50096a3e290bc) Leaving preview file - LINE: 1142
(import_50096a3e290bc) End Date/Time: 2012-07-20 09:31:54
(import_50096a3e290bc) ++++++++++++++++++++++++++++++++++++++++++++++++++++++++++++++++++++++++++++++++++++++++++++++++++++
(import_50096dc2d6a45) ++++++++++++++++++++++++++++++++++++++++++++++++++++++++++++++++++++++++++++++++++++++++++++++++++++
(import_50096dc2d6a45) Start Date/Time: 2012-07-20 09:40:02
(import_50096dc2d6a45) No data in import temporary table - LINE: 174
(import_50096dc2d6a45) Changing status - running - LINE: 186
(import_50096dc2d6a45) Changing status - finished - LINE: 1134
(import_50096dc2d6a45) Leaving preview file - LINE: 1142
(import_50096dc2d6a45) End Date/Time: 2012-07-20 09:48:09
(import_50096dc2d6a45) ++++++++++++++++++++++++++++++++++++++++++++++++++++++++++++++++++++++++++++++++++++++++++++++++++++
(import_5009714796f07) ++++++++++++++++++++++++++++++++++++++++++++++++++++++++++++++++++++++++++++++++++++++++++++++++++++
(import_5009714796f07) Start Date/Time: 2012-07-20 09:55:03
(import_5009714796f07) No data in import temporary table - LINE: 174
(import_5009714796f07) Changing status - running - LINE: 186
(import_5009714796f07) Changing status - finished - LINE: 1134
(import_5009714796f07) Leaving preview file - LINE: 1142
(import_5009714796f07) End Date/Time: 2012-07-20 09:59:40
(import_5009714796f07) ++++++++++++++++++++++++++++++++++++++++++++++++++++++++++++++++++++++++++++++++++++++++++++++++++++
(import_500975f61bb74) ++++++++++++++++++++++++++++++++++++++++++++++++++++++++++++++++++++++++++++++++++++++++++++++++++++
(import_500975f61bb74) Start Date/Time: 2012-07-20 10:15:02
(import_500975f61bb74) No data in import temporary table - LINE: 174
(import_500975f61bb74) Changing status - running - LINE: 186
(import_500975f61bb74) Changing status - finished - LINE: 1134
(import_500975f61bb74) Leaving preview file - LINE: 1142
(import_500975f61bb74) End Date/Time: 2012-07-20 10:22:57
(import_500975f61bb74) ++++++++++++++++++++++++++++++++++++++++++++++++++++++++++++++++++++++++++++++++++++++++++++++++++++
(import_5009797aec023) ++++++++++++++++++++++++++++++++++++++++++++++++++++++++++++++++++++++++++++++++++++++++++++++++++++
(import_5009797aec023) Start Date/Time: 2012-07-20 10:30:03
(import_5009797aec023) No data in import temporary table - LINE: 174
(import_5009797aec023) Changing status - running - LINE: 186
(import_5009797aec023) Changing status - finished - LINE: 1134
(import_5009797aec023) Leaving preview file - LINE: 1142
(import_5009797aec023) End Date/Time: 2012-07-20 10:39:36
(import_5009797aec023) ++++++++++++++++++++++++++++++++++++++++++++++++++++++++++++++++++++++++++++++++++++++++++++++++++++
(import_50097e2a69f81) ++++++++++++++++++++++++++++++++++++++++++++++++++++++++++++++++++++++++++++++++++++++++++++++++++++
(import_50097e2a69f81) Start Date/Time: 2012-07-20 10:50:02
(import_50097e2a69f81) No data in import temporary table - LINE: 174
(import_50097e2a69f81) Changing status - running - LINE: 186
(import_50097e2a69f81) Changing status - finished - LINE: 1134
(import_50097e2a69f81) Leaving preview file - LINE: 1142
(import_50097e2a69f81) End Date/Time: 2012-07-20 10:57:49
(import_50097e2a69f81) ++++++++++++++++++++++++++++++++++++++++++++++++++++++++++++++++++++++++++++++++++++++++++++++++++++
(import_500981ae7679b) ++++++++++++++++++++++++++++++++++++++++++++++++++++++++++++++++++++++++++++++++++++++++++++++++++++
(import_500981ae7679b) Start Date/Time: 2012-07-20 11:05:02
(import_500981ae7679b) No data in import temporary table - LINE: 174
(import_500981ae7679b) Changing status - running - LINE: 186
(import_500981ae7679b) Changing status - finished - LINE: 1134
(import_500981ae7679b) Leaving preview file - LINE: 1142
(import_500981ae7679b) End Date/Time: 2012-07-20 11:13:16
(import_500981ae7679b) ++++++++++++++++++++++++++++++++++++++++++++++++++++++++++++++++++++++++++++++++++++++++++++++++++++
(import_5009865daef4f) ++++++++++++++++++++++++++++++++++++++++++++++++++++++++++++++++++++++++++++++++++++++++++++++++++++
(import_5009865daef4f) Start Date/Time: 2012-07-20 11:25:01
(import_5009865daef4f) No data in import temporary table - LINE: 174
(import_5009865daef4f) Changing status - running - LINE: 186
(import_5009865daef4f) Changing status - finished - LINE: 1134
(import_5009865daef4f) Leaving preview file - LINE: 1142
(import_5009865daef4f) End Date/Time: 2012-07-20 11:33:36
(import_5009865daef4f) ++++++++++++++++++++++++++++++++++++++++++++++++++++++++++++++++++++++++++++++++++++++++++++++++++++
(import_50098c3a32548) ++++++++++++++++++++++++++++++++++++++++++++++++++++++++++++++++++++++++++++++++++++++++++++++++++++
(import_50098c3a32548) Start Date/Time: 2012-07-20 11:50:02
(import_50098c3a32548) No data in import temporary table - LINE: 174
(import_50098c3a32548) Changing status - running - LINE: 186
(import_50098c3a32548) Changing status - finished - LINE: 1134
(import_50098c3a32548) Leaving preview file - LINE: 1142
(import_50098c3a32548) End Date/Time: 2012-07-20 11:59:32
(import_50098c3a32548) ++++++++++++++++++++++++++++++++++++++++++++++++++++++++++++++++++++++++++++++++++++++++++++++++++++
(import_5009b53e56c86) ++++++++++++++++++++++++++++++++++++++++++++++++++++++++++++++++++++++++++++++++++++++++++++++++++++
(import_5009b53e56c86) Start Date/Time: 2012-07-20 14:45:02
(import_5009b53e56c86) No data in import temporary table - LINE: 174
(import_5009b53e56c86) Changing status - running - LINE: 186
(import_5009b53e56c86) Changing status - finished - LINE: 1134
(import_5009b53e56c86) Leaving preview file - LINE: 1142
(import_5009b53e56c86) End Date/Time: 2012-07-20 14:53:33
(import_5009b53e56c86) ++++++++++++++++++++++++++++++++++++++++++++++++++++++++++++++++++++++++++++++++++++++++++++++++++++
(import_5009b9ee33ac8) ++++++++++++++++++++++++++++++++++++++++++++++++++++++++++++++++++++++++++++++++++++++++++++++++++++
(import_5009b9ee33ac8) Start Date/Time: 2012-07-20 15:05:02
(import_5009b9ee33ac8) No data in import temporary table - LINE: 174
(import_5009b9ee33ac8) Changing status - running - LINE: 186
(import_5009b9ee33ac8) Changing status - finished - LINE: 1134
(import_5009b9ee33ac8) Leaving preview file - LINE: 1142
(import_5009b9ee33ac8) End Date/Time: 2012-07-20 15:15:22
(import_5009b9ee33ac8) ++++++++++++++++++++++++++++++++++++++++++++++++++++++++++++++++++++++++++++++++++++++++++++++++++++
(import_5009c0f6b7d64) ++++++++++++++++++++++++++++++++++++++++++++++++++++++++++++++++++++++++++++++++++++++++++++++++++++
(import_5009c0f6b7d64) Start Date/Time: 2012-07-20 15:35:02
(import_5009c0f6b7d64) No data in import temporary table - LINE: 174
(import_5009c0f6b7d64) Changing status - running - LINE: 186
(import_5009c0f6b7d64) Changing status - finished - LINE: 1134
(import_5009c0f6b7d64) Leaving preview file - LINE: 1142
(import_5009c0f6b7d64) End Date/Time: 2012-07-20 15:44:02
(import_5009c0f6b7d64) ++++++++++++++++++++++++++++++++++++++++++++++++++++++++++++++++++++++++++++++++++++++++++++++++++++
(import_5009c7fe2a9be) ++++++++++++++++++++++++++++++++++++++++++++++++++++++++++++++++++++++++++++++++++++++++++++++++++++
(import_5009c7fe2a9be) Start Date/Time: 2012-07-20 16:05:02
(import_5009c7fe2a9be) No data in import temporary table - LINE: 174
(import_5009c7fe2a9be) Changing status - running - LINE: 186
(import_5009c7fe2a9be) Changing status - finished - LINE: 1134
(import_5009c7fe2a9be) Leaving preview file - LINE: 1142
(import_5009c7fe2a9be) End Date/Time: 2012-07-20 16:13:45
(import_5009c7fe2a9be) ++++++++++++++++++++++++++++++++++++++++++++++++++++++++++++++++++++++++++++++++++++++++++++++++++++
(import_5009ccade8e6a) ++++++++++++++++++++++++++++++++++++++++++++++++++++++++++++++++++++++++++++++++++++++++++++++++++++
(import_5009ccade8e6a) Start Date/Time: 2012-07-20 16:25:01
(import_5009ccade8e6a) No data in import temporary table - LINE: 174
(import_5009ccade8e6a) Changing status - running - LINE: 186
(import_5009ccade8e6a) Changing status - finished - LINE: 1134
(import_5009ccade8e6a) Leaving preview file - LINE: 1142
(import_5009ccade8e6a) End Date/Time: 2012-07-20 16:25:13
(import_5009ccade8e6a) ++++++++++++++++++++++++++++++++++++++++++++++++++++++++++++++++++++++++++++++++++++++++++++++++++++
(import_5009cf0676db8) ++++++++++++++++++++++++++++++++++++++++++++++++++++++++++++++++++++++++++++++++++++++++++++++++++++
(import_5009cf0676db8) Start Date/Time: 2012-07-20 16:35:02
(import_5009cf0676db8) No data in import temporary table - LINE: 174
(import_5009cf0676db8) Changing status - running - LINE: 186
(import_5009cf0676db8) Changing status - finished - LINE: 1134
(import_5009cf0676db8) Leaving preview file - LINE: 1142
(import_5009cf0676db8) End Date/Time: 2012-07-20 16:35:25
(import_5009cf0676db8) ++++++++++++++++++++++++++++++++++++++++++++++++++++++++++++++++++++++++++++++++++++++++++++++++++++
(import_5009d0328bc81) ++++++++++++++++++++++++++++++++++++++++++++++++++++++++++++++++++++++++++++++++++++++++++++++++++++
(import_5009d0328bc81) Start Date/Time: 2012-07-20 16:40:02
(import_5009d0328bc81) No data in import temporary table - LINE: 174
(import_5009d0328bc81) Changing status - running - LINE: 186
(import_5009d0328bc81) Changing status - finished - LINE: 1134
(import_5009d0328bc81) Leaving preview file - LINE: 1142
(import_5009d0328bc81) End Date/Time: 2012-07-20 16:40:54
(import_5009d0328bc81) ++++++++++++++++++++++++++++++++++++++++++++++++++++++++++++++++++++++++++++++++++++++++++++++++++++
(import_5009d15da99c2) ++++++++++++++++++++++++++++++++++++++++++++++++++++++++++++++++++++++++++++++++++++++++++++++++++++
(import_5009d15da99c2) Start Date/Time: 2012-07-20 16:45:01
(import_5009d15da99c2) No data in import temporary table - LINE: 174
(import_5009d15da99c2) Changing status - running - LINE: 186
(import_5009d15da99c2) Changing status - finished - LINE: 1134
(import_5009d15da99c2) Leaving preview file - LINE: 1142
(import_5009d15da99c2) End Date/Time: 2012-07-20 16:50:17
(import_5009d15da99c2) ++++++++++++++++++++++++++++++++++++++++++++++++++++++++++++++++++++++++++++++++++++++++++++++++++++
(import_5009d3b5eed18) ++++++++++++++++++++++++++++++++++++++++++++++++++++++++++++++++++++++++++++++++++++++++++++++++++++
(import_5009d3b5eed18) Start Date/Time: 2012-07-20 16:55:02
(import_5009d3b5eed18) No data in import temporary table - LINE: 174
(import_5009d3b5eed18) Changing status - running - LINE: 186
(import_5009d3b5eed18) Changing status - finished - LINE: 1134
(import_5009d3b5eed18) Leaving preview file - LINE: 1142
(import_5009d3b5eed18) End Date/Time: 2012-07-20 16:56:47
(import_5009d3b5eed18) ++++++++++++++++++++++++++++++++++++++++++++++++++++++++++++++++++++++++++++++++++++++++++++++++++++
(import_5009d60d87e3d) ++++++++++++++++++++++++++++++++++++++++++++++++++++++++++++++++++++++++++++++++++++++++++++++++++++
(import_5009d60d87e3d) Start Date/Time: 2012-07-20 17:05:01
(import_5009d60d87e3d) No data in import temporary table - LINE: 174
(import_5009d60d87e3d) Changing status - running - LINE: 186
(import_5009d60d87e3d) Changing status - finished - LINE: 1134
(import_5009d60d87e3d) Leaving preview file - LINE: 1142
(import_5009d60d87e3d) End Date/Time: 2012-07-20 17:13:39
(import_5009d60d87e3d) ++++++++++++++++++++++++++++++++++++++++++++++++++++++++++++++++++++++++++++++++++++++++++++++++++++
(import_5009d99260856) ++++++++++++++++++++++++++++++++++++++++++++++++++++++++++++++++++++++++++++++++++++++++++++++++++++
(import_5009d99260856) Start Date/Time: 2012-07-20 17:20:02
(import_5009d99260856) No data in import temporary table - LINE: 174
(import_5009d99260856) Changing status - running - LINE: 186
(import_5009d99260856) Changing status - finished - LINE: 1134
(import_5009d99260856) Leaving preview file - LINE: 1142
(import_5009d99260856) End Date/Time: 2012-07-20 17:22:00
(import_5009d99260856) ++++++++++++++++++++++++++++++++++++++++++++++++++++++++++++++++++++++++++++++++++++++++++++++++++++
(import_5009dabdec793) ++++++++++++++++++++++++++++++++++++++++++++++++++++++++++++++++++++++++++++++++++++++++++++++++++++
(import_5009dabdec793) Start Date/Time: 2012-07-20 17:25:02
(import_5009dabdec793) No data in import temporary table - LINE: 174
(import_5009dabdec793) Changing status - running - LINE: 186
(import_5009dabdec793) Changing status - finished - LINE: 1134
(import_5009dabdec793) Leaving preview file - LINE: 1142
(import_5009dabdec793) End Date/Time: 2012-07-20 17:25:22
(import_5009dabdec793) ++++++++++++++++++++++++++++++++++++++++++++++++++++++++++++++++++++++++++++++++++++++++++++++++++++
(import_5009dd16077a7) ++++++++++++++++++++++++++++++++++++++++++++++++++++++++++++++++++++++++++++++++++++++++++++++++++++
(import_5009dd16077a7) Start Date/Time: 2012-07-20 17:35:02
(import_5009dd16077a7) No data in import temporary table - LINE: 174
(import_5009dd16077a7) Changing status - running - LINE: 186
(import_5009dd16077a7) Changing status - finished - LINE: 1134
(import_5009dd16077a7) Leaving preview file - LINE: 1142
(import_5009dd16077a7) End Date/Time: 2012-07-20 17:41:14
(import_5009dd16077a7) ++++++++++++++++++++++++++++++++++++++++++++++++++++++++++++++++++++++++++++++++++++++++++++++++++++
(import_500d555dabc47) ++++++++++++++++++++++++++++++++++++++++++++++++++++++++++++++++++++++++++++++++++++++++++++++++++++
(import_500d555dabc47) Start Date/Time: 2012-07-23 08:45:01
(import_500d555dabc47) No data in import temporary table - LINE: 174
(import_500d555dabc47) Changing status - running - LINE: 186
(import_500d555dabc47) Changing status - finished - LINE: 1134
(import_500d555dabc47) Leaving preview file - LINE: 1142
(import_500d555dabc47) End Date/Time: 2012-07-23 08:48:11
(import_500d555dabc47) ++++++++++++++++++++++++++++++++++++++++++++++++++++++++++++++++++++++++++++++++++++++++++++++++++++
(import_500d5a0ddce71) ++++++++++++++++++++++++++++++++++++++++++++++++++++++++++++++++++++++++++++++++++++++++++++++++++++
(import_500d5a0ddce71) Start Date/Time: 2012-07-23 09:05:01
(import_500d5a0ddce71) No data in import temporary table - LINE: 174
(import_500d5a0ddce71) Changing status - running - LINE: 186
(import_500d5a0ddce71) Changing status - finished - LINE: 1134
(import_500d5a0ddce71) Leaving preview file - LINE: 1142
(import_500d5a0ddce71) End Date/Time: 2012-07-23 09:10:07
(import_500d5a0ddce71) ++++++++++++++++++++++++++++++++++++++++++++++++++++++++++++++++++++++++++++++++++++++++++++++++++++
(import_500d62427a67e) ++++++++++++++++++++++++++++++++++++++++++++++++++++++++++++++++++++++++++++++++++++++++++++++++++++
(import_500d62427a67e) Start Date/Time: 2012-07-23 09:40:02
(import_500d62427a67e) No data in import temporary table - LINE: 174
(import_500d62427a67e) Changing status - running - LINE: 186
(import_500d62427a67e) Changing status - finished - LINE: 1134
(import_500d62427a67e) Leaving preview file - LINE: 1142
(import_500d62427a67e) End Date/Time: 2012-07-23 09:44:44
(import_500d62427a67e) ++++++++++++++++++++++++++++++++++++++++++++++++++++++++++++++++++++++++++++++++++++++++++++++++++++
(import_500d649a55970) ++++++++++++++++++++++++++++++++++++++++++++++++++++++++++++++++++++++++++++++++++++++++++++++++++++
(import_500d649a55970) Start Date/Time: 2012-07-23 09:50:02
(import_500d649a55970) No data in import temporary table - LINE: 174
(import_500d649a55970) Changing status - running - LINE: 186
(import_500d649a55970) Changing status - finished - LINE: 1134
(import_500d649a55970) Leaving preview file - LINE: 1142
(import_500d649a55970) End Date/Time: 2012-07-23 09:50:20
(import_500d649a55970) ++++++++++++++++++++++++++++++++++++++++++++++++++++++++++++++++++++++++++++++++++++++++++++++++++++
(import_500d65c702574) ++++++++++++++++++++++++++++++++++++++++++++++++++++++++++++++++++++++++++++++++++++++++++++++++++++
(import_500d65c702574) Start Date/Time: 2012-07-23 09:55:03
(import_500d65c702574) No data in import temporary table - LINE: 174
(import_500d65c702574) Changing status - running - LINE: 186
(import_500d65c702574) Changing status - finished - LINE: 1134
(import_500d65c702574) Leaving preview file - LINE: 1142
(import_500d65c702574) End Date/Time: 2012-07-23 09:55:18
(import_500d65c702574) ++++++++++++++++++++++++++++++++++++++++++++++++++++++++++++++++++++++++++++++++++++++++++++++++++++
(import_500d6a766c9ea) ++++++++++++++++++++++++++++++++++++++++++++++++++++++++++++++++++++++++++++++++++++++++++++++++++++
(import_500d6a766c9ea) Start Date/Time: 2012-07-23 10:15:02
(import_500d6a766c9ea) No data in import temporary table - LINE: 174
(import_500d6a766c9ea) Changing status - running - LINE: 186
(import_500d6a766c9ea) Changing status - finished - LINE: 1134
(import_500d6a766c9ea) Leaving preview file - LINE: 1142
(import_500d6a766c9ea) End Date/Time: 2012-07-23 10:15:46
(import_500d6a766c9ea) ++++++++++++++++++++++++++++++++++++++++++++++++++++++++++++++++++++++++++++++++++++++++++++++++++++
(import_500d6ccde28fd) ++++++++++++++++++++++++++++++++++++++++++++++++++++++++++++++++++++++++++++++++++++++++++++++++++++
(import_500d6ccde28fd) Start Date/Time: 2012-07-23 10:25:01
(import_500d6ccde28fd) No data in import temporary table - LINE: 174
(import_500d6ccde28fd) Changing status - running - LINE: 186
(import_500d6ccde28fd) Changing status - finished - LINE: 1134
(import_500d6ccde28fd) Leaving preview file - LINE: 1142
(import_500d6ccde28fd) End Date/Time: 2012-07-23 10:25:09
(import_500d6ccde28fd) ++++++++++++++++++++++++++++++++++++++++++++++++++++++++++++++++++++++++++++++++++++++++++++++++++++
(import_500d717e17794) ++++++++++++++++++++++++++++++++++++++++++++++++++++++++++++++++++++++++++++++++++++++++++++++++++++
(import_500d717e17794) Start Date/Time: 2012-07-23 10:45:02
(import_500d717e17794) No data in import temporary table - LINE: 174
(import_500d717e17794) Changing status - running - LINE: 186
(import_500d717e17794) Changing status - finished - LINE: 1134
(import_500d717e17794) Leaving preview file - LINE: 1142
(import_500d717e17794) End Date/Time: 2012-07-23 10:45:09
(import_500d717e17794) ++++++++++++++++++++++++++++++++++++++++++++++++++++++++++++++++++++++++++++++++++++++++++++++++++++
(import_500d72aa4e30a) ++++++++++++++++++++++++++++++++++++++++++++++++++++++++++++++++++++++++++++++++++++++++++++++++++++
(import_500d72aa4e30a) Start Date/Time: 2012-07-23 10:50:02
(import_500d72aa4e30a) No data in import temporary table - LINE: 174
(import_500d72aa4e30a) Changing status - running - LINE: 186
(import_500d72aa4e30a) Changing status - finished - LINE: 1134
(import_500d72aa4e30a) Leaving preview file - LINE: 1142
(import_500d72aa4e30a) End Date/Time: 2012-07-23 10:50:09
(import_500d72aa4e30a) ++++++++++++++++++++++++++++++++++++++++++++++++++++++++++++++++++++++++++++++++++++++++++++++++++++
(import_500d7502c2657) ++++++++++++++++++++++++++++++++++++++++++++++++++++++++++++++++++++++++++++++++++++++++++++++++++++
(import_500d7502c2657) Start Date/Time: 2012-07-23 11:00:02
(import_500d7502c2657) No data in import temporary table - LINE: 174
(import_500d7502c2657) Changing status - running - LINE: 186
(import_500d7502c2657) Changing status - finished - LINE: 1134
(import_500d7502c2657) Leaving preview file - LINE: 1142
(import_500d7502c2657) End Date/Time: 2012-07-23 11:00:08
(import_500d7502c2657) ++++++++++++++++++++++++++++++++++++++++++++++++++++++++++++++++++++++++++++++++++++++++++++++++++++
(import_500d762e8fe06) ++++++++++++++++++++++++++++++++++++++++++++++++++++++++++++++++++++++++++++++++++++++++++++++++++++
(import_500d762e8fe06) Start Date/Time: 2012-07-23 11:05:02
(import_500d762e8fe06) No data in import temporary table - LINE: 174
(import_500d762e8fe06) Changing status - running - LINE: 186
(import_500d762e8fe06) Changing status - finished - LINE: 1134
(import_500d762e8fe06) Leaving preview file - LINE: 1142
(import_500d762e8fe06) End Date/Time: 2012-07-23 11:05:16
(import_500d762e8fe06) ++++++++++++++++++++++++++++++++++++++++++++++++++++++++++++++++++++++++++++++++++++++++++++++++++++
(import_500d7886659f5) ++++++++++++++++++++++++++++++++++++++++++++++++++++++++++++++++++++++++++++++++++++++++++++++++++++
(import_500d7886659f5) Start Date/Time: 2012-07-23 11:15:02
(import_500d7886659f5) No data in import temporary table - LINE: 174
(import_500d7886659f5) Changing status - running - LINE: 186
(import_500d7886659f5) Changing status - finished - LINE: 1134
(import_500d7886659f5) Leaving preview file - LINE: 1142
(import_500d7886659f5) End Date/Time: 2012-07-23 11:15:12
(import_500d7886659f5) ++++++++++++++++++++++++++++++++++++++++++++++++++++++++++++++++++++++++++++++++++++++++++++++++++++
(import_500d79b1ae634) ++++++++++++++++++++++++++++++++++++++++++++++++++++++++++++++++++++++++++++++++++++++++++++++++++++
(import_500d79b1ae634) Start Date/Time: 2012-07-23 11:20:01
(import_500d79b1ae634) No data in import temporary table - LINE: 174
(import_500d79b1ae634) Changing status - running - LINE: 186
(import_500d79b1ae634) Changing status - finished - LINE: 1134
(import_500d79b1ae634) Leaving preview file - LINE: 1142
(import_500d79b1ae634) End Date/Time: 2012-07-23 11:20:21
(import_500d79b1ae634) ++++++++++++++++++++++++++++++++++++++++++++++++++++++++++++++++++++++++++++++++++++++++++++++++++++
(import_500d7ade40a0d) ++++++++++++++++++++++++++++++++++++++++++++++++++++++++++++++++++++++++++++++++++++++++++++++++++++
(import_500d7ade40a0d) Start Date/Time: 2012-07-23 11:25:02
(import_500d7ade40a0d) No data in import temporary table - LINE: 174
(import_500d7ade40a0d) Changing status - running - LINE: 186
(import_500d7ade40a0d) Changing status - finished - LINE: 1134
(import_500d7ade40a0d) Leaving preview file - LINE: 1142
(import_500d7ade40a0d) End Date/Time: 2012-07-23 11:25:08
(import_500d7ade40a0d) ++++++++++++++++++++++++++++++++++++++++++++++++++++++++++++++++++++++++++++++++++++++++++++++++++++
(import_500d7c0a9b97b) ++++++++++++++++++++++++++++++++++++++++++++++++++++++++++++++++++++++++++++++++++++++++++++++++++++
(import_500d7c0a9b97b) Start Date/Time: 2012-07-23 11:30:02
(import_500d7c0a9b97b) No data in import temporary table - LINE: 174
(import_500d7c0a9b97b) Changing status - running - LINE: 186
(import_500d7c0a9b97b) Changing status - finished - LINE: 1134
(import_500d7c0a9b97b) Leaving preview file - LINE: 1142
(import_500d7c0a9b97b) End Date/Time: 2012-07-23 11:30:34
(import_500d7c0a9b97b) ++++++++++++++++++++++++++++++++++++++++++++++++++++++++++++++++++++++++++++++++++++++++++++++++++++
(import_500d7d365e0eb) ++++++++++++++++++++++++++++++++++++++++++++++++++++++++++++++++++++++++++++++++++++++++++++++++++++
(import_500d7d365e0eb) Start Date/Time: 2012-07-23 11:35:02
(import_500d7d365e0eb) No data in import temporary table - LINE: 174
(import_500d7d365e0eb) Changing status - running - LINE: 186
(import_500d7d365e0eb) Changing status - finished - LINE: 1134
(import_500d7d365e0eb) Leaving preview file - LINE: 1142
(import_500d7d365e0eb) End Date/Time: 2012-07-23 11:35:11
(import_500d7d365e0eb) ++++++++++++++++++++++++++++++++++++++++++++++++++++++++++++++++++++++++++++++++++++++++++++++++++++
(import_500d7f8e2c431) ++++++++++++++++++++++++++++++++++++++++++++++++++++++++++++++++++++++++++++++++++++++++++++++++++++
(import_500d7f8e2c431) Start Date/Time: 2012-07-23 11:45:02
(import_500d7f8e2c431) No data in import temporary table - LINE: 174
(import_500d7f8e2c431) Changing status - running - LINE: 186
(import_500d7f8e2c431) Changing status - finished - LINE: 1134
(import_500d7f8e2c431) Leaving preview file - LINE: 1142
(import_500d7f8e2c431) End Date/Time: 2012-07-23 11:45:10
(import_500d7f8e2c431) ++++++++++++++++++++++++++++++++++++++++++++++++++++++++++++++++++++++++++++++++++++++++++++++++++++
(import_502bc3fe2adfb) ++++++++++++++++++++++++++++++++++++++++++++++++++++++++++++++++++++++++++++++++++++++++++++++++++++
(import_502bc3fe2adfb) Start Date/Time: 2012-08-15 10:45:02
(import_502bc3fe2adfb) No data in import temporary table - LINE: 174
(import_502bc3fe2adfb) Changing status - running - LINE: 186
(import_502bc3fe2adfb) Changing status - finished - LINE: 1134
(import_502bc3fe2adfb) Leaving preview file - LINE: 1142
(import_502bc3fe2adfb) End Date/Time: 2012-08-15 10:53:04
(import_502bc3fe2adfb) ++++++++++++++++++++++++++++++++++++++++++++++++++++++++++++++++++++++++++++++++++++++++++++++++++++
(import_502bc9d9e86eb) ++++++++++++++++++++++++++++++++++++++++++++++++++++++++++++++++++++++++++++++++++++++++++++++++++++
(import_502bc9d9e86eb) Start Date/Time: 2012-08-15 11:10:02
(import_502bc9d9e86eb) No data in import temporary table - LINE: 174
(import_502bc9d9e86eb) Changing status - running - LINE: 186
(import_502bc9d9e86eb) Changing status - finished - LINE: 1134
(import_502bc9d9e86eb) Leaving preview file - LINE: 1142
(import_502bc9d9e86eb) End Date/Time: 2012-08-15 11:19:22
(import_502bc9d9e86eb) ++++++++++++++++++++++++++++++++++++++++++++++++++++++++++++++++++++++++++++++++++++++++++++++++++++
(import_502bcfb67b2bb) ++++++++++++++++++++++++++++++++++++++++++++++++++++++++++++++++++++++++++++++++++++++++++++++++++++
(import_502bcfb67b2bb) Start Date/Time: 2012-08-15 11:35:02
(import_502bcfb67b2bb) No data in import temporary table - LINE: 174
(import_502bcfb67b2bb) Changing status - running - LINE: 186
(import_502bcfb67b2bb) Changing status - finished - LINE: 1134
(import_502bcfb67b2bb) Leaving preview file - LINE: 1142
(import_502bcfb67b2bb) End Date/Time: 2012-08-15 11:42:07
(import_502bcfb67b2bb) ++++++++++++++++++++++++++++++++++++++++++++++++++++++++++++++++++++++++++++++++++++++++++++++++++++
(import_502be7260e0a2) ++++++++++++++++++++++++++++++++++++++++++++++++++++++++++++++++++++++++++++++++++++++++++++++++++++
(import_502be7260e0a2) Start Date/Time: 2012-08-15 13:15:02
(import_502be7260e0a2) No data in import temporary table - LINE: 174
(import_502be7260e0a2) Changing status - running - LINE: 186
(import_502be7260e0a2) Changing status - finished - LINE: 1134
(import_502be7260e0a2) Leaving preview file - LINE: 1142
(import_502be7260e0a2) End Date/Time: 2012-08-15 13:22:17
(import_502be7260e0a2) ++++++++++++++++++++++++++++++++++++++++++++++++++++++++++++++++++++++++++++++++++++++++++++++++++++
(import_502bebd5d7dfa) ++++++++++++++++++++++++++++++++++++++++++++++++++++++++++++++++++++++++++++++++++++++++++++++++++++
(import_502bebd5d7dfa) Start Date/Time: 2012-08-15 13:35:01
(import_502bebd5d7dfa) No data in import temporary table - LINE: 174
(import_502bebd5d7dfa) Changing status - running - LINE: 186
(import_502bebd5d7dfa) Changing status - finished - LINE: 1134
(import_502bebd5d7dfa) Leaving preview file - LINE: 1142
(import_502bebd5d7dfa) End Date/Time: 2012-08-15 13:41:54
(import_502bebd5d7dfa) ++++++++++++++++++++++++++++++++++++++++++++++++++++++++++++++++++++++++++++++++++++++++++++++++++++
(import_502bf085f3e7c) ++++++++++++++++++++++++++++++++++++++++++++++++++++++++++++++++++++++++++++++++++++++++++++++++++++
(import_502bf085f3e7c) Start Date/Time: 2012-08-15 13:55:02
(import_502bf085f3e7c) No data in import temporary table - LINE: 174
(import_502bf085f3e7c) Changing status - running - LINE: 186
(import_502bf085f3e7c) Changing status - finished - LINE: 1134
(import_502bf085f3e7c) Leaving preview file - LINE: 1142
(import_502bf085f3e7c) End Date/Time: 2012-08-15 14:01:41
(import_502bf085f3e7c) ++++++++++++++++++++++++++++++++++++++++++++++++++++++++++++++++++++++++++++++++++++++++++++++++++++
(import_502bf5359ec55) ++++++++++++++++++++++++++++++++++++++++++++++++++++++++++++++++++++++++++++++++++++++++++++++++++++
(import_502bf5359ec55) Start Date/Time: 2012-08-15 14:15:01
(import_502bf5359ec55) No data in import temporary table - LINE: 174
(import_502bf5359ec55) Changing status - running - LINE: 186
(import_502bf5359ec55) Changing status - finished - LINE: 1134
(import_502bf5359ec55) Leaving preview file - LINE: 1142
(import_502bf5359ec55) End Date/Time: 2012-08-15 14:21:55
(import_502bf5359ec55) ++++++++++++++++++++++++++++++++++++++++++++++++++++++++++++++++++++++++++++++++++++++++++++++++++++
(import_502bf9e62f815) ++++++++++++++++++++++++++++++++++++++++++++++++++++++++++++++++++++++++++++++++++++++++++++++++++++
(import_502bf9e62f815) Start Date/Time: 2012-08-15 14:35:02
(import_502bf9e62f815) No data in import temporary table - LINE: 174
(import_502bf9e62f815) Changing status - running - LINE: 186
(import_502bf9e62f815) Changing status - finished - LINE: 1134
(import_502bf9e62f815) Leaving preview file - LINE: 1142
(import_502bf9e62f815) End Date/Time: 2012-08-15 14:41:47
(import_502bf9e62f815) ++++++++++++++++++++++++++++++++++++++++++++++++++++++++++++++++++++++++++++++++++++++++++++++++++++
(import_502bfd6a75ac2) ++++++++++++++++++++++++++++++++++++++++++++++++++++++++++++++++++++++++++++++++++++++++++++++++++++
(import_502bfd6a75ac2) Start Date/Time: 2012-08-15 14:50:02
(import_502bfd6a75ac2) No data in import temporary table - LINE: 174
(import_502bfd6a75ac2) Changing status - running - LINE: 186
(import_502bfd6a75ac2) Changing status - finished - LINE: 1134
(import_502bfd6a75ac2) Leaving preview file - LINE: 1142
(import_502bfd6a75ac2) End Date/Time: 2012-08-15 14:56:42
(import_502bfd6a75ac2) ++++++++++++++++++++++++++++++++++++++++++++++++++++++++++++++++++++++++++++++++++++++++++++++++++++
(import_502c07f5ab94a) ++++++++++++++++++++++++++++++++++++++++++++++++++++++++++++++++++++++++++++++++++++++++++++++++++++
(import_502c07f5ab94a) Start Date/Time: 2012-08-15 15:35:01
(import_502c07f5ab94a) No data in import temporary table - LINE: 174
(import_502c07f5ab94a) Changing status - running - LINE: 186
(import_502c07f5ab94a) Changing status - finished - LINE: 1134
(import_502c07f5ab94a) Leaving preview file - LINE: 1142
(import_502c07f5ab94a) End Date/Time: 2012-08-15 15:41:33
(import_502c07f5ab94a) ++++++++++++++++++++++++++++++++++++++++++++++++++++++++++++++++++++++++++++++++++++++++++++++++++++
(import_503e7f4e56837) ++++++++++++++++++++++++++++++++++++++++++++++++++++++++++++++++++++++++++++++++++++++++++++++++++++
(import_503e7f4e56837) Start Date/Time: 2012-08-29 15:45:02
(import_503e7f4e56837) No data in import temporary table - LINE: 174
(import_503e7f4e56837) Changing status - running - LINE: 186
(import_503e7f4e56837) Changing status - finished - LINE: 1134
(import_503e7f4e56837) Leaving preview file - LINE: 1142
(import_503e7f4e56837) End Date/Time: 2012-08-29 15:55:22
(import_503e7f4e56837) ++++++++++++++++++++++++++++++++++++++++++++++++++++++++++++++++++++++++++++++++++++++++++++++++++++
(import_503e852a2c671) ++++++++++++++++++++++++++++++++++++++++++++++++++++++++++++++++++++++++++++++++++++++++++++++++++++
(import_503e852a2c671) Start Date/Time: 2012-08-29 16:10:02
(import_503e852a2c671) No data in import temporary table - LINE: 174
(import_503e852a2c671) Changing status - running - LINE: 186
(import_503e852a2c671) Changing status - finished - LINE: 1134
(import_503e852a2c671) Leaving preview file - LINE: 1142
(import_503e852a2c671) End Date/Time: 2012-08-29 16:20:36
(import_503e852a2c671) ++++++++++++++++++++++++++++++++++++++++++++++++++++++++++++++++++++++++++++++++++++++++++++++++++++
(import_503e88ae2bde7) ++++++++++++++++++++++++++++++++++++++++++++++++++++++++++++++++++++++++++++++++++++++++++++++++++++
(import_503e88ae2bde7) Start Date/Time: 2012-08-29 16:25:02
(import_503e88ae2bde7) No data in import temporary table - LINE: 174
(import_503e88ae2bde7) Changing status - running - LINE: 186
(import_503e88ae2bde7) Changing status - finished - LINE: 1134
(import_503e88ae2bde7) Leaving preview file - LINE: 1142
(import_503e88ae2bde7) End Date/Time: 2012-08-29 16:35:43
(import_503e88ae2bde7) ++++++++++++++++++++++++++++++++++++++++++++++++++++++++++++++++++++++++++++++++++++++++++++++++++++
(import_503e8c324b092) ++++++++++++++++++++++++++++++++++++++++++++++++++++++++++++++++++++++++++++++++++++++++++++++++++++
(import_503e8c324b092) Start Date/Time: 2012-08-29 16:40:02
(import_503e8c324b092) No data in import temporary table - LINE: 174
(import_503e8c324b092) Changing status - running - LINE: 186
(import_503e8c324b092) Changing status - finished - LINE: 1134
(import_503e8c324b092) Leaving preview file - LINE: 1142
(import_503e8c324b092) End Date/Time: 2012-08-29 16:50:39
(import_503e8c324b092) ++++++++++++++++++++++++++++++++++++++++++++++++++++++++++++++++++++++++++++++++++++++++++++++++++++
(import_503e9339c6eeb) ++++++++++++++++++++++++++++++++++++++++++++++++++++++++++++++++++++++++++++++++++++++++++++++++++++
(import_503e9339c6eeb) Start Date/Time: 2012-08-29 17:10:01
(import_503e9339c6eeb) No data in import temporary table - LINE: 174
(import_503e9339c6eeb) Changing status - running - LINE: 186
(import_503e9339c6eeb) Changing status - finished - LINE: 1134
(import_503e9339c6eeb) Leaving preview file - LINE: 1142
(import_503e9339c6eeb) End Date/Time: 2012-08-29 17:20:55
(import_503e9339c6eeb) ++++++++++++++++++++++++++++++++++++++++++++++++++++++++++++++++++++++++++++++++++++++++++++++++++++
(import_503e9a429d497) ++++++++++++++++++++++++++++++++++++++++++++++++++++++++++++++++++++++++++++++++++++++++++++++++++++
(import_503e9a429d497) Start Date/Time: 2012-08-29 17:40:02
(import_503e9a429d497) No data in import temporary table - LINE: 174
(import_503e9a429d497) Changing status - running - LINE: 186
(import_503e9a429d497) Changing status - finished - LINE: 1134
(import_503e9a429d497) Leaving preview file - LINE: 1142
(import_503e9a429d497) End Date/Time: 2012-08-29 17:50:55
(import_503e9a429d497) ++++++++++++++++++++++++++++++++++++++++++++++++++++++++++++++++++++++++++++++++++++++++++++++++++++
(import_503ea14a382dc) ++++++++++++++++++++++++++++++++++++++++++++++++++++++++++++++++++++++++++++++++++++++++++++++++++++
(import_503ea14a382dc) Start Date/Time: 2012-08-29 18:10:02
(import_503ea14a382dc) No data in import temporary table - LINE: 174
(import_503ea14a382dc) Changing status - running - LINE: 186
(import_503ea14a382dc) Changing status - finished - LINE: 1134
(import_503ea14a382dc) Leaving preview file - LINE: 1142
(import_503ea14a382dc) End Date/Time: 2012-08-29 18:21:00
(import_503ea14a382dc) ++++++++++++++++++++++++++++++++++++++++++++++++++++++++++++++++++++++++++++++++++++++++++++++++++++
(import_503ebe9624ea5) ++++++++++++++++++++++++++++++++++++++++++++++++++++++++++++++++++++++++++++++++++++++++++++++++++++
(import_503ebe9624ea5) Start Date/Time: 2012-08-29 20:15:02
(import_503ebe9624ea5) No data in import temporary table - LINE: 174
(import_503ebe9624ea5) Changing status - running - LINE: 186
(import_503ebe9624ea5) Changing status - finished - LINE: 1134
(import_503ebe9624ea5) Leaving preview file - LINE: 1142
(import_503ebe9624ea5) End Date/Time: 2012-08-29 20:26:04
(import_503ebe9624ea5) ++++++++++++++++++++++++++++++++++++++++++++++++++++++++++++++++++++++++++++++++++++++++++++++++++++
(import_503ecdd28c5f1) ++++++++++++++++++++++++++++++++++++++++++++++++++++++++++++++++++++++++++++++++++++++++++++++++++++
(import_503ecdd28c5f1) Start Date/Time: 2012-08-29 21:20:02
(import_503ecdd28c5f1) No data in import temporary table - LINE: 174
(import_503ecdd28c5f1) Changing status - running - LINE: 186
(import_503ecdd28c5f1) Changing status - finished - LINE: 1134
(import_503ecdd28c5f1) Leaving preview file - LINE: 1142
(import_503ecdd28c5f1) End Date/Time: 2012-08-29 21:20:12
(import_503ecdd28c5f1) ++++++++++++++++++++++++++++++++++++++++++++++++++++++++++++++++++++++++++++++++++++++++++++++++++++
(import_503ecefe967e7) ++++++++++++++++++++++++++++++++++++++++++++++++++++++++++++++++++++++++++++++++++++++++++++++++++++
(import_503ecefe967e7) Start Date/Time: 2012-08-29 21:25:02
(import_503ecefe967e7) No data in import temporary table - LINE: 174
(import_503ecefe967e7) Changing status - running - LINE: 186
(import_503ecefe967e7) Changing status - finished - LINE: 1134
(import_503ecefe967e7) Leaving preview file - LINE: 1142
(import_503ecefe967e7) End Date/Time: 2012-08-29 21:35:57
(import_503ecefe967e7) ++++++++++++++++++++++++++++++++++++++++++++++++++++++++++++++++++++++++++++++++++++++++++++++++++++
(import_503ee66e2655b) ++++++++++++++++++++++++++++++++++++++++++++++++++++++++++++++++++++++++++++++++++++++++++++++++++++
(import_503ee66e2655b) Start Date/Time: 2012-08-29 23:05:02
(import_503ee66e2655b) No data in import temporary table - LINE: 174
(import_503ee66e2655b) Changing status - running - LINE: 186
(import_503ee66e2655b) Changing status - finished - LINE: 1134
(import_503ee66e2655b) Leaving preview file - LINE: 1142
(import_503ee66e2655b) End Date/Time: 2012-08-29 23:15:47
(import_503ee66e2655b) ++++++++++++++++++++++++++++++++++++++++++++++++++++++++++++++++++++++++++++++++++++++++++++++++++++
(import_503ef2265cabe) ++++++++++++++++++++++++++++++++++++++++++++++++++++++++++++++++++++++++++++++++++++++++++++++++++++
(import_503ef2265cabe) Start Date/Time: 2012-08-29 23:55:02
(import_503ef2265cabe) No data in import temporary table - LINE: 174
(import_503ef2265cabe) Changing status - running - LINE: 186
(import_503ef2265cabe) Changing status - finished - LINE: 1134
(import_503ef2265cabe) Leaving preview file - LINE: 1142
(import_503ef2265cabe) End Date/Time: 2012-08-30 00:05:11
(import_503ef2265cabe) ++++++++++++++++++++++++++++++++++++++++++++++++++++++++++++++++++++++++++++++++++++++++++++++++++++
(import_503efddde4b2a) ++++++++++++++++++++++++++++++++++++++++++++++++++++++++++++++++++++++++++++++++++++++++++++++++++++
(import_503efddde4b2a) Start Date/Time: 2012-08-30 00:45:01
(import_503efddde4b2a) No data in import temporary table - LINE: 174
(import_503efddde4b2a) Changing status - running - LINE: 186
(import_503efddde4b2a) Changing status - finished - LINE: 1134
(import_503efddde4b2a) Leaving preview file - LINE: 1142
(import_503efddde4b2a) End Date/Time: 2012-08-30 00:55:20
(import_503efddde4b2a) ++++++++++++++++++++++++++++++++++++++++++++++++++++++++++++++++++++++++++++++++++++++++++++++++++++
(import_503f08699bac6) ++++++++++++++++++++++++++++++++++++++++++++++++++++++++++++++++++++++++++++++++++++++++++++++++++++
(import_503f08699bac6) Start Date/Time: 2012-08-30 01:30:01
(import_503f08699bac6) No data in import temporary table - LINE: 174
(import_503f08699bac6) Changing status - running - LINE: 186
(import_503f08699bac6) Changing status - finished - LINE: 1134
(import_503f08699bac6) Leaving preview file - LINE: 1142
(import_503f08699bac6) End Date/Time: 2012-08-30 01:40:19
(import_503f08699bac6) ++++++++++++++++++++++++++++++++++++++++++++++++++++++++++++++++++++++++++++++++++++++++++++++++++++
(import_503f0f71c6343) ++++++++++++++++++++++++++++++++++++++++++++++++++++++++++++++++++++++++++++++++++++++++++++++++++++
(import_503f0f71c6343) Start Date/Time: 2012-08-30 02:00:01
(import_503f0f71c6343) No data in import temporary table - LINE: 174
(import_503f0f71c6343) Changing status - running - LINE: 186
(import_503f0f71c6343) Changing status - finished - LINE: 1134
(import_503f0f71c6343) Leaving preview file - LINE: 1142
(import_503f0f71c6343) End Date/Time: 2012-08-30 02:08:48
(import_503f0f71c6343) ++++++++++++++++++++++++++++++++++++++++++++++++++++++++++++++++++++++++++++++++++++++++++++++++++++
(import_5050fc8315f4f) ++++++++++++++++++++++++++++++++++++++++++++++++++++++++++++++++++++++++++++++++++++++++++++++++++++
(import_5050fc8315f4f) Start Date/Time: 2012-09-12 16:20:03
(import_5050fc8315f4f) No data in import temporary table - LINE: 174
(import_5050fc8315f4f) Changing status - running - LINE: 186
(import_5050fc8315f4f) Changing status - finished - LINE: 1134
(import_5050fc8315f4f) Leaving preview file - LINE: 1142
(import_5050fc8315f4f) End Date/Time: 2012-09-12 16:30:33
(import_5050fc8315f4f) ++++++++++++++++++++++++++++++++++++++++++++++++++++++++++++++++++++++++++++++++++++++++++++++++++++
(import_505109665162e) ++++++++++++++++++++++++++++++++++++++++++++++++++++++++++++++++++++++++++++++++++++++++++++++++++++
(import_505109665162e) Start Date/Time: 2012-09-12 17:15:02
(import_505109665162e) No data in import temporary table - LINE: 174
(import_505109665162e) Changing status - running - LINE: 186
(import_505109665162e) Changing status - finished - LINE: 1134
(import_505109665162e) Leaving preview file - LINE: 1142
(import_505109665162e) End Date/Time: 2012-09-12 17:15:06
(import_505109665162e) ++++++++++++++++++++++++++++++++++++++++++++++++++++++++++++++++++++++++++++++++++++++++++++++++++++
(import_50510bbe7303f) ++++++++++++++++++++++++++++++++++++++++++++++++++++++++++++++++++++++++++++++++++++++++++++++++++++
(import_50510bbe7303f) Start Date/Time: 2012-09-12 17:25:02
(import_50510bbe7303f) No data in import temporary table - LINE: 174
(import_50510bbe7303f) Changing status - running - LINE: 186
(import_50510bbe7303f) Changing status - finished - LINE: 1134
(import_50510bbe7303f) Leaving preview file - LINE: 1142
(import_50510bbe7303f) End Date/Time: 2012-09-12 17:25:06
(import_50510bbe7303f) ++++++++++++++++++++++++++++++++++++++++++++++++++++++++++++++++++++++++++++++++++++++++++++++++++++
(import_505146562808d) ++++++++++++++++++++++++++++++++++++++++++++++++++++++++++++++++++++++++++++++++++++++++++++++++++++
(import_505146562808d) Start Date/Time: 2012-09-12 21:35:02
(import_505146562808d) No data in import temporary table - LINE: 174
(import_505146562808d) Changing status - running - LINE: 186
(import_505146562808d) Changing status - finished - LINE: 1134
(import_505146562808d) Leaving preview file - LINE: 1142
(import_505146562808d) End Date/Time: 2012-09-12 21:44:20
(import_505146562808d) ++++++++++++++++++++++++++++++++++++++++++++++++++++++++++++++++++++++++++++++++++++++++++++++++++++
(import_505150e19ab1b) ++++++++++++++++++++++++++++++++++++++++++++++++++++++++++++++++++++++++++++++++++++++++++++++++++++
(import_505150e19ab1b) Start Date/Time: 2012-09-12 22:20:01
(import_505150e19ab1b) No data in import temporary table - LINE: 174
(import_505150e19ab1b) Changing status - running - LINE: 186
(import_505150e19ab1b) Changing status - finished - LINE: 1134
(import_505150e19ab1b) Leaving preview file - LINE: 1142
(import_505150e19ab1b) End Date/Time: 2012-09-12 22:29:48
(import_505150e19ab1b) ++++++++++++++++++++++++++++++++++++++++++++++++++++++++++++++++++++++++++++++++++++++++++++++++++++
(import_50515ef2a38da) ++++++++++++++++++++++++++++++++++++++++++++++++++++++++++++++++++++++++++++++++++++++++++++++++++++
(import_50515ef2a38da) Start Date/Time: 2012-09-12 23:20:02
(import_50515ef2a38da) No data in import temporary table - LINE: 174
(import_50515ef2a38da) Changing status - running - LINE: 186
(import_50515ef2a38da) Changing status - finished - LINE: 1134
(import_50515ef2a38da) Leaving preview file - LINE: 1142
(import_50515ef2a38da) End Date/Time: 2012-09-12 23:29:56
(import_50515ef2a38da) ++++++++++++++++++++++++++++++++++++++++++++++++++++++++++++++++++++++++++++++++++++++++++++++++++++
(import_50535356a23ae) ++++++++++++++++++++++++++++++++++++++++++++++++++++++++++++++++++++++++++++++++++++++++++++++++++++
(import_50535356a23ae) Start Date/Time: 2012-09-14 10:55:02
(import_50535356a23ae) No data in import temporary table - LINE: 174
(import_50535356a23ae) Changing status - running - LINE: 186
(import_50535356a23ae) Changing status - finished - LINE: 1134
(import_50535356a23ae) Leaving preview file - LINE: 1142
(import_50535356a23ae) End Date/Time: 2012-09-14 10:55:06
(import_50535356a23ae) ++++++++++++++++++++++++++++++++++++++++++++++++++++++++++++++++++++++++++++++++++++++++++++++++++++
(import_505355ae545c7) ++++++++++++++++++++++++++++++++++++++++++++++++++++++++++++++++++++++++++++++++++++++++++++++++++++
(import_505355ae545c7) Start Date/Time: 2012-09-14 11:05:02
(import_505355ae545c7) No data in import temporary table - LINE: 174
(import_505355ae545c7) Changing status - running - LINE: 186
(import_505355ae545c7) Changing status - finished - LINE: 1134
(import_505355ae545c7) Leaving preview file - LINE: 1142
(import_505355ae545c7) End Date/Time: 2012-09-14 11:07:26
(import_505355ae545c7) ++++++++++++++++++++++++++++++++++++++++++++++++++++++++++++++++++++++++++++++++++++++++++++++++++++
(import_50535932080e9) ++++++++++++++++++++++++++++++++++++++++++++++++++++++++++++++++++++++++++++++++++++++++++++++++++++
(import_50535932080e9) Start Date/Time: 2012-09-14 11:20:02
(import_50535932080e9) No data in import temporary table - LINE: 174
(import_50535932080e9) Changing status - running - LINE: 186
(import_50535932080e9) Changing status - finished - LINE: 1134
(import_50535932080e9) Leaving preview file - LINE: 1142
(import_50535932080e9) End Date/Time: 2012-09-14 11:22:47
(import_50535932080e9) ++++++++++++++++++++++++++++++++++++++++++++++++++++++++++++++++++++++++++++++++++++++++++++++++++++
(import_505370a2394ba) ++++++++++++++++++++++++++++++++++++++++++++++++++++++++++++++++++++++++++++++++++++++++++++++++++++
(import_505370a2394ba) Start Date/Time: 2012-09-14 13:00:02
(import_505370a2394ba) No data in import temporary table - LINE: 174
(import_505370a2394ba) Changing status - running - LINE: 186
(import_505370a2394ba) Changing status - finished - LINE: 1134
(import_505370a2394ba) Leaving preview file - LINE: 1142
(import_505370a2394ba) End Date/Time: 2012-09-14 13:02:55
(import_505370a2394ba) ++++++++++++++++++++++++++++++++++++++++++++++++++++++++++++++++++++++++++++++++++++++++++++++++++++
(import_5053742693bdd) ++++++++++++++++++++++++++++++++++++++++++++++++++++++++++++++++++++++++++++++++++++++++++++++++++++
(import_5053742693bdd) Start Date/Time: 2012-09-14 13:15:02
(import_5053742693bdd) No data in import temporary table - LINE: 174
(import_5053742693bdd) Changing status - running - LINE: 186
(import_5053742693bdd) Changing status - finished - LINE: 1134
(import_5053742693bdd) Leaving preview file - LINE: 1142
(import_5053742693bdd) End Date/Time: 2012-09-14 13:18:21
(import_5053742693bdd) ++++++++++++++++++++++++++++++++++++++++++++++++++++++++++++++++++++++++++++++++++++++++++++++++++++
(import_50537fddaddfa) ++++++++++++++++++++++++++++++++++++++++++++++++++++++++++++++++++++++++++++++++++++++++++++++++++++
(import_50537fddaddfa) Start Date/Time: 2012-09-14 14:05:01
(import_50537fddaddfa) No data in import temporary table - LINE: 174
(import_50537fddaddfa) Changing status - running - LINE: 186
(import_50537fddaddfa) Changing status - finished - LINE: 1134
(import_50537fddaddfa) Leaving preview file - LINE: 1142
(import_50537fddaddfa) End Date/Time: 2012-09-14 14:15:43
(import_50537fddaddfa) ++++++++++++++++++++++++++++++++++++++++++++++++++++++++++++++++++++++++++++++++++++++++++++++++++++
(import_505383622d52e) ++++++++++++++++++++++++++++++++++++++++++++++++++++++++++++++++++++++++++++++++++++++++++++++++++++
(import_505383622d52e) Start Date/Time: 2012-09-14 14:20:02
(import_505383622d52e) No data in import temporary table - LINE: 174
(import_505383622d52e) Changing status - running - LINE: 186
(import_505383622d52e) Changing status - finished - LINE: 1134
(import_505383622d52e) Leaving preview file - LINE: 1142
(import_505383622d52e) End Date/Time: 2012-09-14 14:31:37
(import_505383622d52e) ++++++++++++++++++++++++++++++++++++++++++++++++++++++++++++++++++++++++++++++++++++++++++++++++++++
(import_50538812345a0) ++++++++++++++++++++++++++++++++++++++++++++++++++++++++++++++++++++++++++++++++++++++++++++++++++++
(import_50538812345a0) Start Date/Time: 2012-09-14 14:40:02
(import_50538812345a0) No data in import temporary table - LINE: 174
(import_50538812345a0) Changing status - running - LINE: 186
(import_50538812345a0) Changing status - finished - LINE: 1134
(import_50538812345a0) Leaving preview file - LINE: 1142
(import_50538812345a0) End Date/Time: 2012-09-14 14:52:16
(import_50538812345a0) ++++++++++++++++++++++++++++++++++++++++++++++++++++++++++++++++++++++++++++++++++++++++++++++++++++
(import_50538f19e6bca) ++++++++++++++++++++++++++++++++++++++++++++++++++++++++++++++++++++++++++++++++++++++++++++++++++++
(import_50538f19e6bca) Start Date/Time: 2012-09-14 15:10:01
(import_50538f19e6bca) No data in import temporary table - LINE: 174
(import_50538f19e6bca) Changing status - running - LINE: 186
(import_50538f19e6bca) Changing status - finished - LINE: 1134
(import_50538f19e6bca) Leaving preview file - LINE: 1142
(import_50538f19e6bca) End Date/Time: 2012-09-14 15:23:29
(import_50538f19e6bca) ++++++++++++++++++++++++++++++++++++++++++++++++++++++++++++++++++++++++++++++++++++++++++++++++++++
(import_5053974e21c49) ++++++++++++++++++++++++++++++++++++++++++++++++++++++++++++++++++++++++++++++++++++++++++++++++++++
(import_5053974e21c49) Start Date/Time: 2012-09-14 15:45:02
(import_5053974e21c49) No data in import temporary table - LINE: 174
(import_5053974e21c49) Changing status - running - LINE: 186
(import_5053974e21c49) Changing status - finished - LINE: 1134
(import_5053974e21c49) Leaving preview file - LINE: 1142
(import_5053974e21c49) End Date/Time: 2012-09-14 15:59:05
(import_5053974e21c49) ++++++++++++++++++++++++++++++++++++++++++++++++++++++++++++++++++++++++++++++++++++++++++++++++++++
(import_50539ad19e27f) ++++++++++++++++++++++++++++++++++++++++++++++++++++++++++++++++++++++++++++++++++++++++++++++++++++
(import_50539ad19e27f) Start Date/Time: 2012-09-14 16:00:01
(import_50539ad19e27f) No data in import temporary table - LINE: 174
(import_50539ad19e27f) Changing status - running - LINE: 186
(import_50539ad19e27f) Process not running - LINE: 1146
(import_50539ad19e27f) End Date/Time: 2012-09-14 16:02:46
(import_50539ad19e27f) ++++++++++++++++++++++++++++++++++++++++++++++++++++++++++++++++++++++++++++++++++++++++++++++++++++
(import_50539e55ca26f) ++++++++++++++++++++++++++++++++++++++++++++++++++++++++++++++++++++++++++++++++++++++++++++++++++++
(import_50539e55ca26f) Start Date/Time: 2012-09-14 16:15:01
(import_50539e55ca26f) No data in import temporary table - LINE: 174
(import_50539e55ca26f) Changing status - running - LINE: 186
(import_50539e55ca26f) Changing status - finished - LINE: 1134
(import_50539e55ca26f) Leaving preview file - LINE: 1142
(import_50539e55ca26f) End Date/Time: 2012-09-14 16:30:45
(import_50539e55ca26f) ++++++++++++++++++++++++++++++++++++++++++++++++++++++++++++++++++++++++++++++++++++++++++++++++++++
(import_5053a4321b797) ++++++++++++++++++++++++++++++++++++++++++++++++++++++++++++++++++++++++++++++++++++++++++++++++++++
(import_5053a4321b797) Start Date/Time: 2012-09-14 16:40:02
(import_5053a4321b797) No data in import temporary table - LINE: 174
(import_5053a4321b797) Changing status - running - LINE: 186
(import_5053a4321b797) Changing status - finished - LINE: 1134
(import_5053a4321b797) Leaving preview file - LINE: 1142
(import_5053a4321b797) End Date/Time: 2012-09-14 16:55:12
(import_5053a4321b797) ++++++++++++++++++++++++++++++++++++++++++++++++++++++++++++++++++++++++++++++++++++++++++++++++++++
(import_5053a8e259b6b) ++++++++++++++++++++++++++++++++++++++++++++++++++++++++++++++++++++++++++++++++++++++++++++++++++++
(import_5053a8e259b6b) Start Date/Time: 2012-09-14 17:00:02
(import_5053a8e259b6b) No data in import temporary table - LINE: 174
(import_5053a8e259b6b) Changing status - running - LINE: 186
(import_5053a8e259b6b) Process not running - LINE: 1146
(import_5053a8e259b6b) End Date/Time: 2012-09-14 17:03:50
(import_5053a8e259b6b) ++++++++++++++++++++++++++++++++++++++++++++++++++++++++++++++++++++++++++++++++++++++++++++++++++++
(import_505703dd8c896) ++++++++++++++++++++++++++++++++++++++++++++++++++++++++++++++++++++++++++++++++++++++++++++++++++++
(import_505703dd8c896) Start Date/Time: 2012-09-17 06:05:01
(import_505703dd8c896) No data in import temporary table - LINE: 174
(import_505703dd8c896) Changing status - running - LINE: 186
(import_505703dd8c896) Changing status - finished - LINE: 1134
(import_505703dd8c896) Leaving preview file - LINE: 1142
(import_505703dd8c896) Import process stopped - 0% - LINE: 1194
(import_505703dd8c896) End Date/Time: 2012-09-17 06:16:22
(import_505703dd8c896) ++++++++++++++++++++++++++++++++++++++++++++++++++++++++++++++++++++++++++++++++++++++++++++++++++++
(import_5057389a6999a) ++++++++++++++++++++++++++++++++++++++++++++++++++++++++++++++++++++++++++++++++++++++++++++++++++++
(import_5057389a6999a) Start Date/Time: 2012-09-17 09:50:02
(import_5057389a6999a) No data in import temporary table - LINE: 174
(import_5057389a6999a) Changing status - running - LINE: 186
(import_5057389a6999a) Changing status - finished - LINE: 1134
(import_5057389a6999a) Leaving preview file - LINE: 1142
(import_5057389a6999a) End Date/Time: 2012-09-17 10:00:56
(import_5057389a6999a) ++++++++++++++++++++++++++++++++++++++++++++++++++++++++++++++++++++++++++++++++++++++++++++++++++++
(import_50573c1e4311e) ++++++++++++++++++++++++++++++++++++++++++++++++++++++++++++++++++++++++++++++++++++++++++++++++++++
(import_50573c1e4311e) Start Date/Time: 2012-09-17 10:05:02
(import_50573c1e4311e) No data in import temporary table - LINE: 174
(import_50573c1e4311e) No pending process - LINE: 189
(import_50573c1e4311e) End Date/Time: 2012-09-17 10:06:01
(import_50573c1e4311e) ++++++++++++++++++++++++++++++++++++++++++++++++++++++++++++++++++++++++++++++++++++++++++++++++++++
(import_50577b66100df) ++++++++++++++++++++++++++++++++++++++++++++++++++++++++++++++++++++++++++++++++++++++++++++++++++++
(import_50577b66100df) Start Date/Time: 2012-09-17 14:35:02
(import_50577b66100df) No data in import temporary table - LINE: 174
(import_50577b66100df) Changing status - running - LINE: 186
(import_50577b66100df) Changing status - finished - LINE: 1134
(import_50577b66100df) Leaving preview file - LINE: 1142
(import_50577b66100df) End Date/Time: 2012-09-17 14:46:06
(import_50577b66100df) ++++++++++++++++++++++++++++++++++++++++++++++++++++++++++++++++++++++++++++++++++++++++++++++++++++
(import_50578141a1aa3) ++++++++++++++++++++++++++++++++++++++++++++++++++++++++++++++++++++++++++++++++++++++++++++++++++++
(import_50578141a1aa3) Start Date/Time: 2012-09-17 15:00:01
(import_50578141a1aa3) No data in import temporary table - LINE: 174
(import_50578141a1aa3) Changing status - running - LINE: 186
(import_50578141a1aa3) Changing status - finished - LINE: 1134
(import_50578141a1aa3) Leaving preview file - LINE: 1142
(import_50578141a1aa3) End Date/Time: 2012-09-17 15:10:19
(import_50578141a1aa3) ++++++++++++++++++++++++++++++++++++++++++++++++++++++++++++++++++++++++++++++++++++++++++++++++++++
(import_50578976592e8) ++++++++++++++++++++++++++++++++++++++++++++++++++++++++++++++++++++++++++++++++++++++++++++++++++++
(import_50578976592e8) Start Date/Time: 2012-09-17 15:35:02
(import_50578976592e8) No data in import temporary table - LINE: 174
(import_50578976592e8) Changing status - running - LINE: 186
(import_50578976592e8) Changing status - finished - LINE: 1134
(import_50578976592e8) Leaving preview file - LINE: 1142
(import_50578976592e8) End Date/Time: 2012-09-17 15:45:54
(import_50578976592e8) ++++++++++++++++++++++++++++++++++++++++++++++++++++++++++++++++++++++++++++++++++++++++++++++++++++
(import_5057907e21f8f) ++++++++++++++++++++++++++++++++++++++++++++++++++++++++++++++++++++++++++++++++++++++++++++++++++++
(import_5057907e21f8f) Start Date/Time: 2012-09-17 16:05:02
(import_5057907e21f8f) No data in import temporary table - LINE: 174
(import_5057907e21f8f) Changing status - running - LINE: 186
(import_5057907e21f8f) Changing status - finished - LINE: 1134
(import_5057907e21f8f) Leaving preview file - LINE: 1142
(import_5057907e21f8f) End Date/Time: 2012-09-17 16:15:26
(import_5057907e21f8f) ++++++++++++++++++++++++++++++++++++++++++++++++++++++++++++++++++++++++++++++++++++++++++++++++++++
(import_5057952dc3ae9) ++++++++++++++++++++++++++++++++++++++++++++++++++++++++++++++++++++++++++++++++++++++++++++++++++++
(import_5057952dc3ae9) Start Date/Time: 2012-09-17 16:25:01
(import_5057952dc3ae9) No data in import temporary table - LINE: 174
(import_5057952dc3ae9) Changing status - running - LINE: 186
(import_5057952dc3ae9) Changing status - finished - LINE: 1134
(import_5057952dc3ae9) Leaving preview file - LINE: 1142
(import_5057952dc3ae9) End Date/Time: 2012-09-17 16:31:20
(import_5057952dc3ae9) ++++++++++++++++++++++++++++++++++++++++++++++++++++++++++++++++++++++++++++++++++++++++++++++++++++
(import_5059d23a7a23e) ++++++++++++++++++++++++++++++++++++++++++++++++++++++++++++++++++++++++++++++++++++++++++++++++++++
(import_5059d23a7a23e) Start Date/Time: 2012-09-19 09:10:02
(import_5059d23a7a23e) No data in import temporary table - LINE: 174
(import_5059d23a7a23e) Changing status - running - LINE: 186
(import_5059d23a7a23e) Changing status - finished - LINE: 1134
(import_5059d23a7a23e) Leaving preview file - LINE: 1142
(import_5059d23a7a23e) End Date/Time: 2012-09-19 09:10:23
(import_5059d23a7a23e) ++++++++++++++++++++++++++++++++++++++++++++++++++++++++++++++++++++++++++++++++++++++++++++++++++++
(import_505b286a85739) ++++++++++++++++++++++++++++++++++++++++++++++++++++++++++++++++++++++++++++++++++++++++++++++++++++
(import_505b286a85739) Start Date/Time: 2012-09-20 09:30:02
(import_505b286a85739) No data in import temporary table - LINE: 174
(import_505b286a85739) Changing status - running - LINE: 186
(import_505b286a85739) Changing status - finished - LINE: 1134
(import_505b286a85739) Leaving preview file - LINE: 1142
(import_505b286a85739) End Date/Time: 2012-09-20 09:34:39
(import_505b286a85739) ++++++++++++++++++++++++++++++++++++++++++++++++++++++++++++++++++++++++++++++++++++++++++++++++++++
(import_505b32f6142fb) ++++++++++++++++++++++++++++++++++++++++++++++++++++++++++++++++++++++++++++++++++++++++++++++++++++
(import_505b32f6142fb) Start Date/Time: 2012-09-20 10:15:02
(import_505b32f6142fb) No data in import temporary table - LINE: 174
(import_505b32f6142fb) Changing status - running - LINE: 186
(import_505b32f6142fb) Changing status - finished - LINE: 1134
(import_505b32f6142fb) Leaving preview file - LINE: 1142
(import_505b32f6142fb) End Date/Time: 2012-09-20 10:20:55
(import_505b32f6142fb) ++++++++++++++++++++++++++++++++++++++++++++++++++++++++++++++++++++++++++++++++++++++++++++++++++++
(import_5060a451c908a) ++++++++++++++++++++++++++++++++++++++++++++++++++++++++++++++++++++++++++++++++++++++++++++++++++++
(import_5060a451c908a) Start Date/Time: 2012-09-24 13:20:01
(import_5060a451c908a) No data in import temporary table - LINE: 174
(import_5060a451c908a) Changing status - running - LINE: 186
(import_5060a451c908a) Changing status - finished - LINE: 1134
(import_5060a451c908a) Leaving preview file - LINE: 1142
(import_5060a451c908a) End Date/Time: 2012-09-24 13:38:15
(import_5060a451c908a) ++++++++++++++++++++++++++++++++++++++++++++++++++++++++++++++++++++++++++++++++++++++++++++++++++++
(import_5060b5e670c47) ++++++++++++++++++++++++++++++++++++++++++++++++++++++++++++++++++++++++++++++++++++++++++++++++++++
(import_5060b5e670c47) Start Date/Time: 2012-09-24 14:35:02
(import_5060b5e670c47) No data in import temporary table - LINE: 174
(import_5060b5e670c47) Changing status - running - LINE: 186
(import_5060b5e670c47) Changing status - finished - LINE: 1134
(import_5060b5e670c47) Leaving preview file - LINE: 1142
(import_5060b5e670c47) End Date/Time: 2012-09-24 14:54:11
(import_5060b5e670c47) ++++++++++++++++++++++++++++++++++++++++++++++++++++++++++++++++++++++++++++++++++++++++++++++++++++
(import_5060ba95af811) ++++++++++++++++++++++++++++++++++++++++++++++++++++++++++++++++++++++++++++++++++++++++++++++++++++
(import_5060ba95af811) Start Date/Time: 2012-09-24 14:55:01
(import_5060ba95af811) No data in import temporary table - LINE: 174
(import_5060ba95af811) Changing status - running - LINE: 186
(import_5060ba95af811) Changing status - finished - LINE: 1134
(import_5060ba95af811) Leaving preview file - LINE: 1142
(import_5060ba95af811) End Date/Time: 2012-09-24 15:06:39
(import_5060ba95af811) ++++++++++++++++++++++++++++++++++++++++++++++++++++++++++++++++++++++++++++++++++++++++++++++++++++
(import_5061f6fda458a) ++++++++++++++++++++++++++++++++++++++++++++++++++++++++++++++++++++++++++++++++++++++++++++++++++++
(import_5061f6fda458a) Start Date/Time: 2012-09-25 13:25:01
(import_5061f6fda458a) No data in import temporary table - LINE: 174
(import_5061f6fda458a) Changing status - running - LINE: 186
(import_5061f6fda458a) Changing status - finished - LINE: 1134
(import_5061f6fda458a) Leaving preview file - LINE: 1142
(import_5061f6fda458a) End Date/Time: 2012-09-25 13:32:43
(import_5061f6fda458a) ++++++++++++++++++++++++++++++++++++++++++++++++++++++++++++++++++++++++++++++++++++++++++++++++++++
(import_50621a259751a) ++++++++++++++++++++++++++++++++++++++++++++++++++++++++++++++++++++++++++++++++++++++++++++++++++++
(import_50621a259751a) Start Date/Time: 2012-09-25 15:55:01
(import_50621a259751a) No data in import temporary table - LINE: 174
(import_50621a259751a) Changing status - running - LINE: 186
(import_50621a259751a) Changing status - finished - LINE: 1134
(import_50621a259751a) Leaving preview file - LINE: 1142
(import_50621a259751a) End Date/Time: 2012-09-25 15:58:23
(import_50621a259751a) ++++++++++++++++++++++++++++++++++++++++++++++++++++++++++++++++++++++++++++++++++++++++++++++++++++
(import_5062270a5e143) ++++++++++++++++++++++++++++++++++++++++++++++++++++++++++++++++++++++++++++++++++++++++++++++++++++
(import_5062270a5e143) Start Date/Time: 2012-09-25 16:50:02
(import_5062270a5e143) No data in import temporary table - LINE: 174
(import_5062270a5e143) Changing status - running - LINE: 186
(import_5062270a5e143) Changing status - finished - LINE: 1134
(import_5062270a5e143) Leaving preview file - LINE: 1142
(import_5062270a5e143) End Date/Time: 2012-09-25 16:51:37
(import_5062270a5e143) ++++++++++++++++++++++++++++++++++++++++++++++++++++++++++++++++++++++++++++++++++++++++++++++++++++
(import_506335bdaf963) ++++++++++++++++++++++++++++++++++++++++++++++++++++++++++++++++++++++++++++++++++++++++++++++++++++
(import_506335bdaf963) Start Date/Time: 2012-09-26 12:05:01
(import_506335bdaf963) No data in import temporary table - LINE: 174
(import_506335bdaf963) Changing status - running - LINE: 186
(import_506335bdaf963) End Date/Time: 2012-09-26 12:24:18
(import_506335bdaf963) ++++++++++++++++++++++++++++++++++++++++++++++++++++++++++++++++++++++++++++++++++++++++++++++++++++
(import_50633a6ed4325) ++++++++++++++++++++++++++++++++++++++++++++++++++++++++++++++++++++++++++++++++++++++++++++++++++++
(import_50633a6ed4325) Start Date/Time: 2012-09-26 12:25:02
(import_50633a6ed4325) End Date/Time: 2012-09-26 12:44:20
(import_50633a6ed4325) ++++++++++++++++++++++++++++++++++++++++++++++++++++++++++++++++++++++++++++++++++++++++++++++++++++
(import_50633f1d82920) ++++++++++++++++++++++++++++++++++++++++++++++++++++++++++++++++++++++++++++++++++++++++++++++++++++
(import_50633f1d82920) Start Date/Time: 2012-09-26 12:45:01
(import_50633f1d82920) End Date/Time: 2012-09-26 13:04:35
(import_50633f1d82920) ++++++++++++++++++++++++++++++++++++++++++++++++++++++++++++++++++++++++++++++++++++++++++++++++++++
(import_506343d30f14d) ++++++++++++++++++++++++++++++++++++++++++++++++++++++++++++++++++++++++++++++++++++++++++++++++++++
(import_506343d30f14d) Start Date/Time: 2012-09-26 13:05:07
(import_506343d30f14d) End Date/Time: 2012-09-26 13:24:36
(import_506343d30f14d) ++++++++++++++++++++++++++++++++++++++++++++++++++++++++++++++++++++++++++++++++++++++++++++++++++++
(import_5063487ddd8db) ++++++++++++++++++++++++++++++++++++++++++++++++++++++++++++++++++++++++++++++++++++++++++++++++++++
(import_5063487ddd8db) Start Date/Time: 2012-09-26 13:25:01
(import_5063487ddd8db) End Date/Time: 2012-09-26 13:49:21
(import_5063487ddd8db) ++++++++++++++++++++++++++++++++++++++++++++++++++++++++++++++++++++++++++++++++++++++++++++++++++++
(import_50634e5a70d9f) ++++++++++++++++++++++++++++++++++++++++++++++++++++++++++++++++++++++++++++++++++++++++++++++++++++
(import_50634e5a70d9f) Start Date/Time: 2012-09-26 13:50:02
(import_50634e5a70d9f) End Date/Time: 2012-09-26 14:21:03
(import_50634e5a70d9f) ++++++++++++++++++++++++++++++++++++++++++++++++++++++++++++++++++++++++++++++++++++++++++++++++++++
(import_5063568e4282e) ++++++++++++++++++++++++++++++++++++++++++++++++++++++++++++++++++++++++++++++++++++++++++++++++++++
(import_5063568e4282e) Start Date/Time: 2012-09-26 14:25:02
(import_5063568e4282e) Changing status - finished - LINE: 1134
(import_5063568e4282e) Leaving preview file - LINE: 1142
(import_5063568e4282e) End Date/Time: 2012-09-26 14:48:15
(import_5063568e4282e) ++++++++++++++++++++++++++++++++++++++++++++++++++++++++++++++++++++++++++++++++++++++++++++++++++++
(import_5069a8ea9e836) ++++++++++++++++++++++++++++++++++++++++++++++++++++++++++++++++++++++++++++++++++++++++++++++++++++
(import_5069a8ea9e836) Start Date/Time: 2012-10-01 09:30:02
(import_5069a8ea9e836) No data in import temporary table - LINE: 174
(import_5069a8ea9e836) Changing status - running - LINE: 186
(import_5069a8ea9e836) Changing status - finished - LINE: 1134
(import_5069a8ea9e836) Leaving preview file - LINE: 1142
(import_5069a8ea9e836) End Date/Time: 2012-10-01 10:09:55
(import_5069a8ea9e836) ++++++++++++++++++++++++++++++++++++++++++++++++++++++++++++++++++++++++++++++++++++++++++++++++++++
(import_50f86652754b6) ++++++++++++++++++++++++++++++++++++++++++++++++++++++++++++++++++++++++++++++++++++++++++++++++++++
(import_50f86652754b6) Start Date/Time: 2013-01-17 15:00:02
(import_50f86652754b6) No data in import temporary table - LINE: 174
(import_50f86652754b6) Changing status - running - LINE: 186
(import_50f86652754b6) Changing status - finished - LINE: 1134
(import_50f86652754b6) Leaving preview file - LINE: 1142
(import_50f86652754b6) End Date/Time: 2013-01-17 15:24:22
(import_50f86652754b6) ++++++++++++++++++++++++++++++++++++++++++++++++++++++++++++++++++++++++++++++++++++++++++++++++++++
